<?xml version="1.0" encoding="UTF-8"?>
<testsuite name="StudentRegistrationFormTests" tests="1" skipped="0" failures="1" errors="0" timestamp="2026-06-08T17:58:39.286Z" hostname="dmitrys-MacBook-Pro.local" time="8.877">
  <properties/>
  <testcase name="addDataTest()" classname="StudentRegistrationFormTests" time="8.862">
    <failure message="com.codeborne.selenide.ex.ElementShould: Element should have match text &quot;Проснись, John Doe.*, все спокойно,.*,что он сын волка&quot; {tbody tr.findBy(text &quot;Address&quot;)}&#10;Element: '&lt;tr&gt;Address Проснись, John Doe, ты надежда мира! Я понял, что всё это время не у того просил Собака больше не хочет корма, все спокойно, хозяева живы, пока Случайно порезанный палец и кровь не напомнят щенку, что он сын волка&lt;/tr&gt;'&#10;Actual value: text=&quot;Address Проснись, John Doe, ты надежда мира! Я понял, что всё это время не у того просил Собака больше не хочет корма, все спокойно, хозяева живы, пока Случайно порезанный палец и кровь не напомнят щенку, что он сын волка&quot;&#10;Screenshot: file:/Users/dmitry/Documents/Education/qa-guru/qa-guru-module-1/build/reports/tests/1780941528036.0.png&#10;Page source: file:/Users/dmitry/Documents/Education/qa-guru/qa-guru-module-1/build/reports/tests/1780941528036.0.html&#10;Timeout: 4s" type="com.codeborne.selenide.ex.ElementShould">Element should have match text &quot;Проснись, John Doe.*, все спокойно,.*,что он сын волка&quot; {tbody tr.findBy(text &quot;Address&quot;)}
Element: '&lt;tr&gt;Address Проснись, John Doe, ты надежда мира! Я понял, что всё это время не у того просил Собака больше не хочет корма, все спокойно, хозяева живы, пока Случайно порезанный палец и кровь не напомнят щенку, что он сын волка&lt;/tr&gt;'
Actual value: text=&quot;Address Проснись, John Doe, ты надежда мира! Я понял, что всё это время не у того просил Собака больше не хочет корма, все спокойно, хозяева живы, пока Случайно порезанный палец и кровь не напомнят щенку, что он сын волка&quot;
Screenshot: file:/Users/dmitry/Documents/Education/qa-guru/qa-guru-module-1/build/reports/tests/1780941528036.0.png
Page source: file:/Users/dmitry/Documents/Education/qa-guru/qa-guru-module-1/build/reports/tests/1780941528036.0.html
Timeout: 4s
	at com.codeborne.selenide.impl.WebElementSource.handleError(WebElementSource.java:146)
	at com.codeborne.selenide.impl.WebElementSource.checkConditionAndReturnElement(WebElementSource.java:123)
	at com.codeborne.selenide.impl.WebElementSource.checkCondition(WebElementSource.java:99)
	at com.codeborne.selenide.commands.Should.execute(Should.java:24)
	at com.codeborne.selenide.FluentCommand.execute(FluentCommand.java:27)
	at com.codeborne.selenide.FluentCommand.execute(FluentCommand.java:19)
	at com.codeborne.selenide.commands.Commands.execute(Commands.java:161)
	at com.codeborne.selenide.impl.SelenideElementProxy.dispatchAndRetry(SelenideElementProxy.java:138)
	at com.codeborne.selenide.impl.SelenideElementProxy.invoke(SelenideElementProxy.java:90)
	at jdk.proxy3/jdk.proxy3.$Proxy14.shouldHave(Unknown Source)
	at StudentRegistrationFormTests.addDataTest(StudentRegistrationFormTests.java:50)
	at java.base/java.lang.reflect.Method.invoke(Method.java:580)
	at java.base/java.util.ArrayList.forEach(ArrayList.java:1596)
	at java.base/java.util.ArrayList.forEach(ArrayList.java:1596)
</failure>
  </testcase>
  <system-out><![CDATA[]]></system-out>
  <system-err><![CDATA[SLF4J(W): No SLF4J providers were found.
SLF4J(W): Defaulting to no-operation (NOP) logger implementation
SLF4J(W): See https://www.slf4j.org/codes.html#noProviders for further details.
Jun 08, 2026 10:58:41 PM org.openqa.selenium.devtools.CdpVersionFinder findNearestMatch
WARNING: Unable to find an exact match for CDP version 149, returning the closest version; found: 147; Please update to a Selenium version that supports CDP version 149
]]></system-err>
</testsuite>
